[1709394176.756][INFO]: Starting ChromeDriver 122.0.6261.94 (880dbf29479c6152d5e4f08dfd3a96b30f919e56-refs/branch-heads/6261@{#960}) on port 43710
[1709394176.756][INFO]: Please see https://chromedriver.chromium.org/security-considerations for suggestions on keeping ChromeDriver safe.
[1709394176.998][INFO]: [c233091b7d9f2e3933426c35ba987795] COMMAND InitSession {
   "capabilities": {
      "firstMatch": [ {
         "browserName": "chrome",
         "goog:chromeOptions": {
            "args": [  ],
            "extensions": [  ]
         },
         "goog:loggingPrefs": {
            "browser": "ALL",
            "driver": "ALL"
         }
      } ]
   }
}
[1709394176.998][INFO]: Browser search. Trying... C:\Users\chava\.cache\selenium\chromedriver\win64\122.0.6261.94\chrome.exe
[1709394176.998][INFO]: Browser search. Trying... C:\Users\chava\.cache\selenium\chromedriver\win64\122.0.6261.94\chrome.exe
[1709394176.998][INFO]: Browser search. Trying... C:\Users\chava\.cache\selenium\chromedriver\win64\122.0.6261.94\chromium.exe
[1709394177.000][INFO]: Browser search. Trying... C:\Users\chava\AppData\Local\Google\Chrome\Application\chrome.exe
[1709394177.001][INFO]: Browser search. Trying... C:\Program Files\Google\Chrome\Application\chrome.exe
[1709394177.001][INFO]: Browser search. Found at  C:\Program Files\Google\Chrome\Application\chrome.exe
[1709394177.001][INFO]: Populating Preferences file: {
   "alternate_error_pages": {
      "enabled": false
   },
   "autofill": {
      "enabled": false
   },
   "browser": {
      "check_default_browser": false
   },
   "distribution": {
      "import_bookmarks": false,
      "import_history": false,
      "import_search_engine": false,
      "make_chrome_default_for_user": false,
      "skip_first_run_ui": true
   },
   "dns_prefetching": {
      "enabled": false
   },
   "profile": {
      "content_settings": {
         "pattern_pairs": {
            "https://*,*": {
               "media-stream": {
                  "audio": "Default",
                  "video": "Default"
               }
            }
         }
      },
      "default_content_setting_values": {
         "geolocation": 1
      },
      "default_content_settings": {
         "geolocation": 1,
         "mouselock": 1,
         "notifications": 1,
         "popups": 1,
         "ppapi-broker": 1
      },
      "password_manager_enabled": false
   },
   "safebrowsing": {
      "enabled": false
   },
   "search": {
      "suggest_enabled": false
   },
   "translate": {
      "enabled": false
   }
}
[1709394177.002][INFO]: Populating Local State file: {
   "background_mode": {
      "enabled": false
   },
   "ssl": {
      "rev_checking": {
         "enabled": false
      }
   }
}
[1709394177.003][INFO]: ChromeDriver supports communication with Chrome via pipes. This is more reliable and more secure.
[1709394177.003][INFO]: Use the --remote-debugging-pipe Chrome switch instead of the default --remote-debugging-port to enable this communication mode.
[1709394177.004][INFO]: Launching chrome: "C:\Program Files\Google\Chrome\Application\chrome.exe" --allow-pre-commit-input --disable-background-networking --disable-backgrounding-occluded-windows --disable-client-side-phishing-detection --disable-default-apps --disable-hang-monitor --disable-popup-blocking --disable-prompt-on-repost --disable-sync --enable-automation --enable-logging --log-level=0 --no-first-run --no-service-autorun --password-store=basic --remote-debugging-port=0 --test-type=webdriver --use-mock-keychain --user-data-dir="C:\Users\chava\AppData\Local\Temp\scoped_dir26452_824729957" data:,
[1709394177.549][INFO]: resolved localhost to ["::1","127.0.0.1"]
[1709394177.553][INFO]: [c233091b7d9f2e3933426c35ba987795] RESPONSE InitSession {
   "capabilities": {
      "acceptInsecureCerts": false,
      "browserName": "chrome",
      "browserVersion": "122.0.6261.71",
      "chrome": {
         "chromedriverVersion": "122.0.6261.94 (880dbf29479c6152d5e4f08dfd3a96b30f919e56-refs/branch-heads/6261@{#960})",
         "userDataDir": "C:\\Users\\chava\\AppData\\Local\\Temp\\scoped_dir26452_824729957"
      },
      "fedcm:accounts": true,
      "goog:chromeOptions": {
         "debuggerAddress": "localhost:52988"
      },
      "networkConnectionEnabled": false,
      "pageLoadStrategy": "normal",
      "platformName": "windows",
      "proxy": {
      },
      "setWindowRect": true,
      "strictFileInteractability": false,
      "timeouts": {
         "implicit": 0,
         "pageLoad": 300000,
         "script": 30000
      },
      "unhandledPromptBehavior": "dismiss and notify",
      "webauthn:extension:credBlob": true,
      "webauthn:extension:largeBlob": true,
      "webauthn:extension:minPinLength": true,
      "webauthn:extension:prf": true,
      "webauthn:virtualAuthenticators": true
   },
   "sessionId": "c233091b7d9f2e3933426c35ba987795"
}
[1709394177.686][INFO]: [c233091b7d9f2e3933426c35ba987795] COMMAND MaximizeWindow {
}
[1709394177.686][INFO]: Waiting for pending navigations...
[1709394177.688][INFO]: Done waiting for pending navigations. Status: ok
[1709394177.807][INFO]: Waiting for pending navigations...
[1709394177.809][INFO]: Done waiting for pending navigations. Status: ok
[1709394177.809][INFO]: [c233091b7d9f2e3933426c35ba987795] RESPONSE MaximizeWindow {
   "height": 832,
   "width": 1552,
   "x": -8,
   "y": -8
}
[1709394177.818][INFO]: [c233091b7d9f2e3933426c35ba987795] COMMAND SetTimeouts {
   "implicit": 30000
}
[1709394177.818][INFO]: [c233091b7d9f2e3933426c35ba987795] RESPONSE SetTimeouts
[1709394177.822][INFO]: [c233091b7d9f2e3933426c35ba987795] COMMAND Navigate {
   "url": "https://www.makemytrip.com/"
}
[1709394177.822][INFO]: Waiting for pending navigations...
[1709394177.823][INFO]: Done waiting for pending navigations. Status: ok
[1709394177.955][INFO]: Waiting for pending navigations...
[1709394179.574][INFO]: Done waiting for pending navigations. Status: ok
[1709394179.574][INFO]: [c233091b7d9f2e3933426c35ba987795] RESPONSE Navigate
[1709394184.593][INFO]: [c233091b7d9f2e3933426c35ba987795] COMMAND GetUrl {
}
[1709394184.593][INFO]: Waiting for pending navigations...
[1709394184.595][INFO]: Done waiting for pending navigations. Status: ok
[1709394184.597][INFO]: Waiting for pending navigations...
[1709394184.597][INFO]: Done waiting for pending navigations. Status: ok
[1709394184.597][INFO]: [c233091b7d9f2e3933426c35ba987795] RESPONSE GetUrl "https://www.makemytrip.com/"
[1709394184.600][INFO]: [c233091b7d9f2e3933426c35ba987795] COMMAND Navigate {
   "url": "https://www.makemytrip.com/"
}
[1709394184.600][INFO]: Waiting for pending navigations...
[1709394184.600][INFO]: Done waiting for pending navigations. Status: ok
[1709394184.677][INFO]: Waiting for pending navigations...
[1709394185.600][INFO]: Done waiting for pending navigations. Status: ok
[1709394185.600][INFO]: [c233091b7d9f2e3933426c35ba987795] RESPONSE Navigate
[1709394190.606][INFO]: [c233091b7d9f2e3933426c35ba987795] COMMAND FindElement {
   "using": "xpath",
   "value": "//input[@id='fromCity']"
}
[1709394190.606][INFO]: Waiting for pending navigations...
[1709394190.607][INFO]: Done waiting for pending navigations. Status: ok
[1709394190.625][INFO]: Waiting for pending navigations...
[1709394190.626][INFO]: Done waiting for pending navigations. Status: ok
[1709394190.627][INFO]: [c233091b7d9f2e3933426c35ba987795] RESPONSE FindElement {
   "element-6066-11e4-a52e-4f735466cecf": "f.86992D13869106301BBC8BC0323CA103.d.8F0D1F9097B54C32339D9B775E33C0D3.e.88"
}
[1709394190.631][INFO]: [c233091b7d9f2e3933426c35ba987795] COMMAND ClickElement {
   "id": "f.86992D13869106301BBC8BC0323CA103.d.8F0D1F9097B54C32339D9B775E33C0D3.e.88"
}
[1709394190.631][INFO]: Waiting for pending navigations...
[1709394190.632][INFO]: Done waiting for pending navigations. Status: ok
[1709394190.704][INFO]: Waiting for pending navigations...
[1709394190.711][INFO]: Done waiting for pending navigations. Status: ok
[1709394190.711][INFO]: [c233091b7d9f2e3933426c35ba987795] RESPONSE ClickElement
[1709394190.715][INFO]: [c233091b7d9f2e3933426c35ba987795] COMMAND TypeElement {
   "id": "f.86992D13869106301BBC8BC0323CA103.d.8F0D1F9097B54C32339D9B775E33C0D3.e.88",
   "text": "blr",
   "value": [ "b", "l", "r" ]
}
[1709394190.715][INFO]: Waiting for pending navigations...
[1709394190.716][INFO]: Done waiting for pending navigations. Status: ok
[1709394190.758][INFO]: Waiting for pending navigations...
[1709394190.759][INFO]: Done waiting for pending navigations. Status: ok
[1709394190.759][INFO]: [c233091b7d9f2e3933426c35ba987795] RESPONSE TypeElement
[1709394190.763][INFO]: [c233091b7d9f2e3933426c35ba987795] COMMAND FindElement {
   "using": "xpath",
   "value": "//input[@placeholder='From']/following-sibling::div//p[contains(text(),'Bengaluru')]"
}
[1709394190.763][INFO]: Waiting for pending navigations...
[1709394190.764][INFO]: Done waiting for pending navigations. Status: ok
[1709394190.772][INFO]: Waiting for pending navigations...
[1709394190.773][INFO]: Done waiting for pending navigations. Status: ok
[1709394190.773][INFO]: [c233091b7d9f2e3933426c35ba987795] RESPONSE FindElement {
   "element-6066-11e4-a52e-4f735466cecf": "f.86992D13869106301BBC8BC0323CA103.d.8F0D1F9097B54C32339D9B775E33C0D3.e.104"
}
[1709394190.776][INFO]: [c233091b7d9f2e3933426c35ba987795] COMMAND ClickElement {
   "id": "f.86992D13869106301BBC8BC0323CA103.d.8F0D1F9097B54C32339D9B775E33C0D3.e.104"
}
[1709394190.776][INFO]: Waiting for pending navigations...
[1709394190.777][INFO]: Done waiting for pending navigations. Status: ok
[1709394190.844][INFO]: Waiting for pending navigations...
[1709394190.847][INFO]: Done waiting for pending navigations. Status: ok
[1709394190.847][INFO]: [c233091b7d9f2e3933426c35ba987795] RESPONSE ClickElement
[1709394190.850][INFO]: [c233091b7d9f2e3933426c35ba987795] COMMAND FindElement {
   "using": "xpath",
   "value": "//input[@id='toCity']"
}
[1709394190.850][INFO]: Waiting for pending navigations...
[1709394190.850][INFO]: Done waiting for pending navigations. Status: ok
[1709394190.858][INFO]: Waiting for pending navigations...
[1709394190.859][INFO]: Done waiting for pending navigations. Status: ok
[1709394190.859][INFO]: [c233091b7d9f2e3933426c35ba987795] RESPONSE FindElement {
   "element-6066-11e4-a52e-4f735466cecf": "f.86992D13869106301BBC8BC0323CA103.d.8F0D1F9097B54C32339D9B775E33C0D3.e.89"
}
[1709394190.862][INFO]: [c233091b7d9f2e3933426c35ba987795] COMMAND ClickElement {
   "id": "f.86992D13869106301BBC8BC0323CA103.d.8F0D1F9097B54C32339D9B775E33C0D3.e.89"
}
[1709394190.862][INFO]: Waiting for pending navigations...
[1709394190.863][INFO]: Done waiting for pending navigations. Status: ok
[1709394190.928][INFO]: Waiting for pending navigations...
[1709394190.933][INFO]: Done waiting for pending navigations. Status: ok
[1709394190.933][INFO]: [c233091b7d9f2e3933426c35ba987795] RESPONSE ClickElement
[1709394190.937][INFO]: [c233091b7d9f2e3933426c35ba987795] COMMAND TypeElement {
   "id": "f.86992D13869106301BBC8BC0323CA103.d.8F0D1F9097B54C32339D9B775E33C0D3.e.89",
   "text": "del",
   "value": [ "d", "e", "l" ]
}
[1709394190.937][INFO]: Waiting for pending navigations...
[1709394190.938][INFO]: Done waiting for pending navigations. Status: ok
[1709394190.990][INFO]: Waiting for pending navigations...
[1709394190.993][INFO]: Done waiting for pending navigations. Status: ok
[1709394190.993][INFO]: [c233091b7d9f2e3933426c35ba987795] RESPONSE TypeElement
[1709394190.997][INFO]: [c233091b7d9f2e3933426c35ba987795] COMMAND FindElement {
   "using": "xpath",
   "value": "//input[@placeholder='To']/following-sibling::div//p[contains(text(),'New Delhi')]"
}
[1709394190.997][INFO]: Waiting for pending navigations...
[1709394190.997][INFO]: Done waiting for pending navigations. Status: ok
[1709394191.007][INFO]: Waiting for pending navigations...
[1709394191.009][INFO]: Done waiting for pending navigations. Status: ok
[1709394191.009][INFO]: [c233091b7d9f2e3933426c35ba987795] RESPONSE FindElement {
   "element-6066-11e4-a52e-4f735466cecf": "f.86992D13869106301BBC8BC0323CA103.d.8F0D1F9097B54C32339D9B775E33C0D3.e.116"
}
[1709394191.012][INFO]: [c233091b7d9f2e3933426c35ba987795] COMMAND ClickElement {
   "id": "f.86992D13869106301BBC8BC0323CA103.d.8F0D1F9097B54C32339D9B775E33C0D3.e.116"
}
[1709394191.012][INFO]: Waiting for pending navigations...
[1709394191.013][INFO]: Done waiting for pending navigations. Status: ok
[1709394191.111][INFO]: Waiting for pending navigations...
[1709394191.117][INFO]: Done waiting for pending navigations. Status: ok
[1709394191.117][INFO]: [c233091b7d9f2e3933426c35ba987795] RESPONSE ClickElement
[1709394191.121][INFO]: [c233091b7d9f2e3933426c35ba987795] COMMAND FindElement {
   "using": "xpath",
   "value": "(//span[@class='lbl_input appendBottom10'])[3]"
}
[1709394191.121][INFO]: Waiting for pending navigations...
[1709394191.122][INFO]: Done waiting for pending navigations. Status: ok
[1709394191.135][INFO]: Waiting for pending navigations...
[1709394191.136][INFO]: Done waiting for pending navigations. Status: ok
[1709394191.136][INFO]: [c233091b7d9f2e3933426c35ba987795] RESPONSE FindElement {
   "element-6066-11e4-a52e-4f735466cecf": "f.86992D13869106301BBC8BC0323CA103.d.8F0D1F9097B54C32339D9B775E33C0D3.e.119"
}
[1709394191.139][INFO]: [c233091b7d9f2e3933426c35ba987795] COMMAND FindElement {
   "using": "xpath",
   "value": "(//div[@class='dateInnerCell'])[29]"
}
[1709394191.139][INFO]: Waiting for pending navigations...
[1709394191.140][INFO]: Done waiting for pending navigations. Status: ok
[1709394191.151][INFO]: Waiting for pending navigations...
[1709394191.152][INFO]: Done waiting for pending navigations. Status: ok
[1709394191.152][INFO]: [c233091b7d9f2e3933426c35ba987795] RESPONSE FindElement {
   "element-6066-11e4-a52e-4f735466cecf": "f.86992D13869106301BBC8BC0323CA103.d.8F0D1F9097B54C32339D9B775E33C0D3.e.120"
}
[1709394191.155][INFO]: [c233091b7d9f2e3933426c35ba987795] COMMAND ClickElement {
   "id": "f.86992D13869106301BBC8BC0323CA103.d.8F0D1F9097B54C32339D9B775E33C0D3.e.120"
}
[1709394191.156][INFO]: Waiting for pending navigations...
[1709394191.156][INFO]: Done waiting for pending navigations. Status: ok
[1709394191.219][INFO]: Waiting for pending navigations...
[1709394191.231][INFO]: Done waiting for pending navigations. Status: ok
[1709394191.231][INFO]: [c233091b7d9f2e3933426c35ba987795] RESPONSE ClickElement
[1709394191.236][INFO]: [c233091b7d9f2e3933426c35ba987795] COMMAND FindElement {
   "using": "xpath",
   "value": "//a[text()='Search']"
}
[1709394191.236][INFO]: Waiting for pending navigations...
[1709394191.237][INFO]: Done waiting for pending navigations. Status: ok
[1709394191.257][INFO]: Waiting for pending navigations...
[1709394191.258][INFO]: Done waiting for pending navigations. Status: ok
[1709394191.258][INFO]: [c233091b7d9f2e3933426c35ba987795] RESPONSE FindElement {
   "element-6066-11e4-a52e-4f735466cecf": "f.86992D13869106301BBC8BC0323CA103.d.8F0D1F9097B54C32339D9B775E33C0D3.e.124"
}
[1709394191.261][INFO]: [c233091b7d9f2e3933426c35ba987795] COMMAND ClickElement {
   "id": "f.86992D13869106301BBC8BC0323CA103.d.8F0D1F9097B54C32339D9B775E33C0D3.e.124"
}
[1709394191.261][INFO]: Waiting for pending navigations...
[1709394191.262][INFO]: Done waiting for pending navigations. Status: ok
[1709394191.361][INFO]: Waiting for pending navigations...
[1709394191.817][INFO]: Done waiting for pending navigations. Status: ok
[1709394191.817][INFO]: [c233091b7d9f2e3933426c35ba987795] RESPONSE ClickElement
[1709394206.825][INFO]: [c233091b7d9f2e3933426c35ba987795] COMMAND FindElement {
   "using": "xpath",
   "value": "//button[text()='OKAY, GOT IT!']"
}
[1709394206.825][INFO]: Waiting for pending navigations...
[1709394206.826][INFO]: Done waiting for pending navigations. Status: ok
[1709394206.834][INFO]: Waiting for pending navigations...
[1709394206.834][INFO]: Done waiting for pending navigations. Status: ok
[1709394206.834][INFO]: [c233091b7d9f2e3933426c35ba987795] RESPONSE FindElement {
   "element-6066-11e4-a52e-4f735466cecf": "f.86992D13869106301BBC8BC0323CA103.d.BED67F936D644288B11FAAD24FF2FA84.e.264"
}
[1709394206.837][INFO]: [c233091b7d9f2e3933426c35ba987795] COMMAND ClickElement {
   "id": "f.86992D13869106301BBC8BC0323CA103.d.BED67F936D644288B11FAAD24FF2FA84.e.264"
}
[1709394206.837][INFO]: Waiting for pending navigations...
[1709394206.837][INFO]: Done waiting for pending navigations. Status: ok
[1709394206.901][INFO]: Waiting for pending navigations...
[1709394206.907][INFO]: Done waiting for pending navigations. Status: ok
[1709394206.907][INFO]: [c233091b7d9f2e3933426c35ba987795] RESPONSE ClickElement
[1709394209.919][INFO]: [c233091b7d9f2e3933426c35ba987795] COMMAND FindElement {
   "using": "xpath",
   "value": "(//div[@class='blackText fontSize18 blackFont white-space-no-wrap clusterViewPrice'])[1]"
}
[1709394209.919][INFO]: Waiting for pending navigations...
[1709394209.922][INFO]: Done waiting for pending navigations. Status: ok
[1709394209.933][INFO]: Waiting for pending navigations...
[1709394209.934][INFO]: Done waiting for pending navigations. Status: ok
[1709394209.934][INFO]: [c233091b7d9f2e3933426c35ba987795] RESPONSE FindElement {
   "element-6066-11e4-a52e-4f735466cecf": "f.86992D13869106301BBC8BC0323CA103.d.BED67F936D644288B11FAAD24FF2FA84.e.286"
}
[1709394209.936][INFO]: [c233091b7d9f2e3933426c35ba987795] COMMAND GetElementText {
   "id": "f.86992D13869106301BBC8BC0323CA103.d.BED67F936D644288B11FAAD24FF2FA84.e.286"
}
[1709394209.936][INFO]: Waiting for pending navigations...
[1709394209.937][INFO]: Done waiting for pending navigations. Status: ok
[1709394209.945][INFO]: Waiting for pending navigations...
[1709394209.945][INFO]: Done waiting for pending navigations. Status: ok
[1709394209.945][INFO]: [c233091b7d9f2e3933426c35ba987795] RESPONSE GetElementText "₹ 7,088\nper adult"
[1709394209.948][INFO]: [c233091b7d9f2e3933426c35ba987795] COMMAND Navigate {
   "url": "https://www.makemytrip.com/"
}
[1709394209.948][INFO]: Waiting for pending navigations...
[1709394209.949][INFO]: Done waiting for pending navigations. Status: ok
[1709394210.026][INFO]: Waiting for pending navigations...
[1709394211.071][INFO]: Done waiting for pending navigations. Status: ok
[1709394211.071][INFO]: [c233091b7d9f2e3933426c35ba987795] RESPONSE Navigate
[1709394211.074][INFO]: [c233091b7d9f2e3933426c35ba987795] COMMAND FindElement {
   "using": "xpath",
   "value": "//span[@class='chNavIcon appendBottom2 chSprite chTrains']"
}
[1709394211.074][INFO]: Waiting for pending navigations...
[1709394211.101][INFO]: Done waiting for pending navigations. Status: ok
[1709394211.156][INFO]: Waiting for pending navigations...
[1709394211.215][INFO]: Done waiting for pending navigations. Status: ok
[1709394211.215][INFO]: [c233091b7d9f2e3933426c35ba987795] RESPONSE FindElement {
   "element-6066-11e4-a52e-4f735466cecf": "f.86992D13869106301BBC8BC0323CA103.d.248DE8ED9962C962A82A0CF9F574D0C8.e.299"
}
[1709394211.217][INFO]: [c233091b7d9f2e3933426c35ba987795] COMMAND ClickElement {
   "id": "f.86992D13869106301BBC8BC0323CA103.d.248DE8ED9962C962A82A0CF9F574D0C8.e.299"
}
[1709394211.218][INFO]: Waiting for pending navigations...
[1709394211.222][INFO]: Done waiting for pending navigations. Status: ok
[1709394211.491][INFO]: Waiting for pending navigations...
[1709394211.524][INFO]: Done waiting for pending navigations. Status: ok
[1709394211.524][INFO]: [c233091b7d9f2e3933426c35ba987795] RESPONSE ClickElement
[1709394211.527][INFO]: [c233091b7d9f2e3933426c35ba987795] COMMAND FindElement {
   "using": "xpath",
   "value": "(//span[@class='appendBottom2'])[1]"
}
[1709394211.527][INFO]: Waiting for pending navigations...
[1709394211.543][INFO]: Done waiting for pending navigations. Status: ok
[1709394211.654][INFO]: Waiting for pending navigations...
[1709394211.668][INFO]: Done waiting for pending navigations. Status: ok
[1709394211.668][INFO]: [c233091b7d9f2e3933426c35ba987795] RESPONSE FindElement {
   "element-6066-11e4-a52e-4f735466cecf": "f.86992D13869106301BBC8BC0323CA103.d.248DE8ED9962C962A82A0CF9F574D0C8.e.328"
}
[1709394211.671][INFO]: [c233091b7d9f2e3933426c35ba987795] COMMAND ClickElement {
   "id": "f.86992D13869106301BBC8BC0323CA103.d.248DE8ED9962C962A82A0CF9F574D0C8.e.328"
}
[1709394211.671][INFO]: Waiting for pending navigations...
[1709394211.674][INFO]: Done waiting for pending navigations. Status: ok
[1709394211.836][INFO]: Waiting for pending navigations...
[1709394211.880][INFO]: Done waiting for pending navigations. Status: ok
[1709394211.880][INFO]: [c233091b7d9f2e3933426c35ba987795] RESPONSE ClickElement
[1709394211.884][INFO]: [c233091b7d9f2e3933426c35ba987795] COMMAND FindElement {
   "using": "xpath",
   "value": "//input[contains(@placeholder,'From')]"
}
[1709394211.884][INFO]: Waiting for pending navigations...
[1709394211.894][INFO]: Done waiting for pending navigations. Status: ok
[1709394212.145][INFO]: Waiting for pending navigations...
[1709394212.145][INFO]: Done waiting for pending navigations. Status: ok
[1709394212.145][INFO]: [c233091b7d9f2e3933426c35ba987795] RESPONSE FindElement {
   "element-6066-11e4-a52e-4f735466cecf": "f.86992D13869106301BBC8BC0323CA103.d.248DE8ED9962C962A82A0CF9F574D0C8.e.344"
}
[1709394212.148][INFO]: [c233091b7d9f2e3933426c35ba987795] COMMAND TypeElement {
   "id": "f.86992D13869106301BBC8BC0323CA103.d.248DE8ED9962C962A82A0CF9F574D0C8.e.344",
   "text": "ypr",
   "value": [ "y", "p", "r" ]
}
[1709394212.148][INFO]: Waiting for pending navigations...
[1709394212.148][INFO]: Done waiting for pending navigations. Status: ok
[1709394212.241][INFO]: Waiting for pending navigations...
[1709394212.243][INFO]: Done waiting for pending navigations. Status: ok
[1709394212.243][INFO]: [c233091b7d9f2e3933426c35ba987795] RESPONSE TypeElement
[1709394215.257][INFO]: [c233091b7d9f2e3933426c35ba987795] COMMAND FindElement {
   "using": "xpath",
   "value": "(//div[@class='makeFlex'])[1]"
}
[1709394215.257][INFO]: Waiting for pending navigations...
[1709394215.259][INFO]: Done waiting for pending navigations. Status: ok
[1709394215.266][INFO]: Waiting for pending navigations...
[1709394215.267][INFO]: Done waiting for pending navigations. Status: ok
[1709394215.267][INFO]: [c233091b7d9f2e3933426c35ba987795] RESPONSE FindElement {
   "element-6066-11e4-a52e-4f735466cecf": "f.86992D13869106301BBC8BC0323CA103.d.248DE8ED9962C962A82A0CF9F574D0C8.e.351"
}
[1709394215.269][INFO]: [c233091b7d9f2e3933426c35ba987795] COMMAND ClickElement {
   "id": "f.86992D13869106301BBC8BC0323CA103.d.248DE8ED9962C962A82A0CF9F574D0C8.e.351"
}
[1709394215.269][INFO]: Waiting for pending navigations...
[1709394215.270][INFO]: Done waiting for pending navigations. Status: ok
[1709394215.339][INFO]: Waiting for pending navigations...
[1709394215.343][INFO]: Done waiting for pending navigations. Status: ok
[1709394215.343][INFO]: [c233091b7d9f2e3933426c35ba987795] RESPONSE ClickElement
[1709394215.347][INFO]: [c233091b7d9f2e3933426c35ba987795] COMMAND FindElement {
   "using": "xpath",
   "value": "(//span[@class='appendBottom2'])[2]"
}
[1709394215.347][INFO]: Waiting for pending navigations...
[1709394215.347][INFO]: Done waiting for pending navigations. Status: ok
[1709394215.355][INFO]: Waiting for pending navigations...
[1709394215.357][INFO]: Done waiting for pending navigations. Status: ok
[1709394215.357][INFO]: [c233091b7d9f2e3933426c35ba987795] RESPONSE FindElement {
   "element-6066-11e4-a52e-4f735466cecf": "f.86992D13869106301BBC8BC0323CA103.d.248DE8ED9962C962A82A0CF9F574D0C8.e.354"
}
[1709394215.360][INFO]: [c233091b7d9f2e3933426c35ba987795] COMMAND ClickElement {
   "id": "f.86992D13869106301BBC8BC0323CA103.d.248DE8ED9962C962A82A0CF9F574D0C8.e.354"
}
[1709394215.360][INFO]: Waiting for pending navigations...
[1709394215.360][INFO]: Done waiting for pending navigations. Status: ok
[1709394215.419][INFO]: Waiting for pending navigations...
[1709394215.421][INFO]: Done waiting for pending navigations. Status: ok
[1709394215.421][INFO]: [c233091b7d9f2e3933426c35ba987795] RESPONSE ClickElement
[1709394215.423][INFO]: [c233091b7d9f2e3933426c35ba987795] COMMAND FindElement {
   "using": "xpath",
   "value": "//input[contains(@placeholder,'To')]"
}
[1709394215.424][INFO]: Waiting for pending navigations...
[1709394215.424][INFO]: Done waiting for pending navigations. Status: ok
[1709394215.430][INFO]: Waiting for pending navigations...
[1709394215.431][INFO]: Done waiting for pending navigations. Status: ok
[1709394215.431][INFO]: [c233091b7d9f2e3933426c35ba987795] RESPONSE FindElement {
   "element-6066-11e4-a52e-4f735466cecf": "f.86992D13869106301BBC8BC0323CA103.d.248DE8ED9962C962A82A0CF9F574D0C8.e.352"
}
[1709394215.433][INFO]: [c233091b7d9f2e3933426c35ba987795] COMMAND TypeElement {
   "id": "f.86992D13869106301BBC8BC0323CA103.d.248DE8ED9962C962A82A0CF9F574D0C8.e.352",
   "text": "ndls",
   "value": [ "n", "d", "l", "s" ]
}
[1709394215.433][INFO]: Waiting for pending navigations...
[1709394215.434][INFO]: Done waiting for pending navigations. Status: ok
[1709394215.484][INFO]: Waiting for pending navigations...
[1709394215.487][INFO]: Done waiting for pending navigations. Status: ok
[1709394215.487][INFO]: [c233091b7d9f2e3933426c35ba987795] RESPONSE TypeElement
[1709394218.497][INFO]: [c233091b7d9f2e3933426c35ba987795] COMMAND FindElement {
   "using": "xpath",
   "value": "(//div[@class='makeFlex'])[1]"
}
[1709394218.498][INFO]: Waiting for pending navigations...
[1709394218.499][INFO]: Done waiting for pending navigations. Status: ok
[1709394218.506][INFO]: Waiting for pending navigations...
[1709394218.506][INFO]: Done waiting for pending navigations. Status: ok
[1709394218.506][INFO]: [c233091b7d9f2e3933426c35ba987795] RESPONSE FindElement {
   "element-6066-11e4-a52e-4f735466cecf": "f.86992D13869106301BBC8BC0323CA103.d.248DE8ED9962C962A82A0CF9F574D0C8.e.367"
}
[1709394218.509][INFO]: [c233091b7d9f2e3933426c35ba987795] COMMAND ClickElement {
   "id": "f.86992D13869106301BBC8BC0323CA103.d.248DE8ED9962C962A82A0CF9F574D0C8.e.367"
}
[1709394218.509][INFO]: Waiting for pending navigations...
[1709394218.509][INFO]: Done waiting for pending navigations. Status: ok
[1709394218.548][INFO]: Waiting for pending navigations...
[1709394218.550][INFO]: Done waiting for pending navigations. Status: ok
[1709394218.550][INFO]: [c233091b7d9f2e3933426c35ba987795] RESPONSE ClickElement
[1709394221.553][INFO]: [c233091b7d9f2e3933426c35ba987795] COMMAND FindElement {
   "using": "xpath",
   "value": "//input[@id='travelDate']"
}
[1709394221.553][INFO]: Waiting for pending navigations...
[1709394221.555][INFO]: Done waiting for pending navigations. Status: ok
[1709394221.562][INFO]: Waiting for pending navigations...
[1709394221.563][INFO]: Done waiting for pending navigations. Status: ok
[1709394221.563][INFO]: [c233091b7d9f2e3933426c35ba987795] RESPONSE FindElement {
   "element-6066-11e4-a52e-4f735466cecf": "f.86992D13869106301BBC8BC0323CA103.d.248DE8ED9962C962A82A0CF9F574D0C8.e.331"
}
[1709394221.565][INFO]: [c233091b7d9f2e3933426c35ba987795] COMMAND ClickElement {
   "id": "f.86992D13869106301BBC8BC0323CA103.d.248DE8ED9962C962A82A0CF9F574D0C8.e.331"
}
[1709394221.565][INFO]: Waiting for pending navigations...
[1709394221.565][INFO]: Done waiting for pending navigations. Status: ok
[1709394221.610][INFO]: Waiting for pending navigations...
[1709394221.613][INFO]: Done waiting for pending navigations. Status: ok
[1709394221.614][INFO]: [c233091b7d9f2e3933426c35ba987795] RESPONSE ClickElement
[1709394221.616][INFO]: [c233091b7d9f2e3933426c35ba987795] COMMAND FindElement {
   "using": "xpath",
   "value": "//div[@aria-label='Fri Mar 29 2024']"
}
[1709394221.616][INFO]: Waiting for pending navigations...
[1709394221.616][INFO]: Done waiting for pending navigations. Status: ok
[1709394221.623][INFO]: Waiting for pending navigations...
[1709394221.624][INFO]: Done waiting for pending navigations. Status: ok
[1709394221.624][INFO]: [c233091b7d9f2e3933426c35ba987795] RESPONSE FindElement {
   "element-6066-11e4-a52e-4f735466cecf": "f.86992D13869106301BBC8BC0323CA103.d.248DE8ED9962C962A82A0CF9F574D0C8.e.375"
}
[1709394221.627][INFO]: [c233091b7d9f2e3933426c35ba987795] COMMAND ClickElement {
   "id": "f.86992D13869106301BBC8BC0323CA103.d.248DE8ED9962C962A82A0CF9F574D0C8.e.375"
}
[1709394221.627][INFO]: Waiting for pending navigations...
[1709394221.627][INFO]: Done waiting for pending navigations. Status: ok
[1709394221.668][INFO]: Waiting for pending navigations...
[1709394221.669][INFO]: Done waiting for pending navigations. Status: ok
[1709394221.669][INFO]: [c233091b7d9f2e3933426c35ba987795] RESPONSE ClickElement
[1709394221.672][INFO]: [c233091b7d9f2e3933426c35ba987795] COMMAND FindElement {
   "using": "xpath",
   "value": "//span[@data-cy='class']"
}
[1709394221.672][INFO]: Waiting for pending navigations...
[1709394221.673][INFO]: Done waiting for pending navigations. Status: ok
[1709394221.681][INFO]: Waiting for pending navigations...
[1709394221.682][INFO]: Done waiting for pending navigations. Status: ok
[1709394221.682][INFO]: [c233091b7d9f2e3933426c35ba987795] RESPONSE FindElement {
   "element-6066-11e4-a52e-4f735466cecf": "f.86992D13869106301BBC8BC0323CA103.d.248DE8ED9962C962A82A0CF9F574D0C8.e.380"
}
[1709394221.684][INFO]: [c233091b7d9f2e3933426c35ba987795] COMMAND ClickElement {
   "id": "f.86992D13869106301BBC8BC0323CA103.d.248DE8ED9962C962A82A0CF9F574D0C8.e.380"
}
[1709394221.684][INFO]: Waiting for pending navigations...
[1709394221.684][INFO]: Done waiting for pending navigations. Status: ok
[1709394221.738][INFO]: Waiting for pending navigations...
[1709394221.740][INFO]: Done waiting for pending navigations. Status: ok
[1709394221.740][INFO]: [c233091b7d9f2e3933426c35ba987795] RESPONSE ClickElement
[1709394224.756][INFO]: [c233091b7d9f2e3933426c35ba987795] COMMAND FindElement {
   "using": "xpath",
   "value": "//li[@data-cy='3A']"
}
[1709394224.756][INFO]: Waiting for pending navigations...
[1709394224.757][INFO]: Done waiting for pending navigations. Status: ok
[1709394224.766][INFO]: Waiting for pending navigations...
[1709394224.767][INFO]: Done waiting for pending navigations. Status: ok
[1709394224.767][INFO]: [c233091b7d9f2e3933426c35ba987795] RESPONSE FindElement {
   "element-6066-11e4-a52e-4f735466cecf": "f.86992D13869106301BBC8BC0323CA103.d.248DE8ED9962C962A82A0CF9F574D0C8.e.381"
}
[1709394224.769][INFO]: [c233091b7d9f2e3933426c35ba987795] COMMAND ClickElement {
   "id": "f.86992D13869106301BBC8BC0323CA103.d.248DE8ED9962C962A82A0CF9F574D0C8.e.381"
}
[1709394224.769][INFO]: Waiting for pending navigations...
[1709394224.770][INFO]: Done waiting for pending navigations. Status: ok
[1709394224.810][INFO]: Waiting for pending navigations...
[1709394224.812][INFO]: Done waiting for pending navigations. Status: ok
[1709394224.812][INFO]: [c233091b7d9f2e3933426c35ba987795] RESPONSE ClickElement
[1709394224.814][INFO]: [c233091b7d9f2e3933426c35ba987795] COMMAND FindElement {
   "using": "xpath",
   "value": "//a[contains(@class,'primaryBtn font24 latoBold widgetSearchBtn')]"
}
[1709394224.814][INFO]: Waiting for pending navigations...
[1709394224.815][INFO]: Done waiting for pending navigations. Status: ok
[1709394224.821][INFO]: Waiting for pending navigations...
[1709394224.823][INFO]: Done waiting for pending navigations. Status: ok
[1709394224.823][INFO]: [c233091b7d9f2e3933426c35ba987795] RESPONSE FindElement {
   "element-6066-11e4-a52e-4f735466cecf": "f.86992D13869106301BBC8BC0323CA103.d.248DE8ED9962C962A82A0CF9F574D0C8.e.382"
}
[1709394224.825][INFO]: [c233091b7d9f2e3933426c35ba987795] COMMAND ClickElement {
   "id": "f.86992D13869106301BBC8BC0323CA103.d.248DE8ED9962C962A82A0CF9F574D0C8.e.382"
}
[1709394224.825][INFO]: Waiting for pending navigations...
[1709394224.826][INFO]: Done waiting for pending navigations. Status: ok
[1709394224.889][INFO]: Waiting for pending navigations...
[1709394225.927][INFO]: Done waiting for pending navigations. Status: ok
[1709394225.927][INFO]: [c233091b7d9f2e3933426c35ba987795] RESPONSE ClickElement
[1709394230.946][INFO]: [c233091b7d9f2e3933426c35ba987795] COMMAND FindElement {
   "using": "xpath",
   "value": "(//div[@class='ticket-price justify-flex-end'])[1]"
}
[1709394230.946][INFO]: Waiting for pending navigations...
[1709394230.949][INFO]: Done waiting for pending navigations. Status: ok
[1709394230.961][INFO]: Waiting for pending navigations...
[1709394230.963][INFO]: Done waiting for pending navigations. Status: ok
[1709394230.963][INFO]: [c233091b7d9f2e3933426c35ba987795] RESPONSE FindElement {
   "element-6066-11e4-a52e-4f735466cecf": "f.86992D13869106301BBC8BC0323CA103.d.9811C4B13808AAB401F5E12794B1B9DD.e.465"
}
[1709394230.965][INFO]: [c233091b7d9f2e3933426c35ba987795] COMMAND GetElementText {
   "id": "f.86992D13869106301BBC8BC0323CA103.d.9811C4B13808AAB401F5E12794B1B9DD.e.465"
}
[1709394230.965][INFO]: Waiting for pending navigations...
[1709394230.966][INFO]: Done waiting for pending navigations. Status: ok
[1709394230.973][INFO]: Waiting for pending navigations...
[1709394230.973][INFO]: Done waiting for pending navigations. Status: ok
[1709394230.973][INFO]: [c233091b7d9f2e3933426c35ba987795] RESPONSE GetElementText "₹ 4245"
[1709394230.976][INFO]: [c233091b7d9f2e3933426c35ba987795] COMMAND Navigate {
   "url": "https://www.makemytrip.com/"
}
[1709394230.976][INFO]: Waiting for pending navigations...
[1709394230.976][INFO]: Done waiting for pending navigations. Status: ok
[1709394231.070][INFO]: Waiting for pending navigations...
[1709394232.102][INFO]: Done waiting for pending navigations. Status: ok
[1709394232.102][INFO]: [c233091b7d9f2e3933426c35ba987795] RESPONSE Navigate
[1709394237.115][INFO]: [c233091b7d9f2e3933426c35ba987795] COMMAND FindElement {
   "using": "xpath",
   "value": "//span[@class='chNavIcon appendBottom2 chSprite chBuses']"
}
[1709394237.115][INFO]: Waiting for pending navigations...
[1709394237.117][INFO]: Done waiting for pending navigations. Status: ok
[1709394237.127][INFO]: Waiting for pending navigations...
[1709394237.128][INFO]: Done waiting for pending navigations. Status: ok
[1709394237.128][INFO]: [c233091b7d9f2e3933426c35ba987795] RESPONSE FindElement {
   "element-6066-11e4-a52e-4f735466cecf": "f.86992D13869106301BBC8BC0323CA103.d.E18C636BF6875607B6C98B7BE9910BB8.e.474"
}
[1709394237.130][INFO]: [c233091b7d9f2e3933426c35ba987795] COMMAND ClickElement {
   "id": "f.86992D13869106301BBC8BC0323CA103.d.E18C636BF6875607B6C98B7BE9910BB8.e.474"
}
[1709394237.130][INFO]: Waiting for pending navigations...
[1709394237.130][INFO]: Done waiting for pending navigations. Status: ok
[1709394237.225][INFO]: Waiting for pending navigations...
[1709394237.239][INFO]: Done waiting for pending navigations. Status: ok
[1709394237.239][INFO]: [c233091b7d9f2e3933426c35ba987795] RESPONSE ClickElement
[1709394240.256][INFO]: [c233091b7d9f2e3933426c35ba987795] COMMAND FindElement {
   "using": "xpath",
   "value": "//input[@id='fromCity']"
}
[1709394240.256][INFO]: Waiting for pending navigations...
[1709394240.257][INFO]: Done waiting for pending navigations. Status: ok
[1709394240.266][INFO]: Waiting for pending navigations...
[1709394240.267][INFO]: Done waiting for pending navigations. Status: ok
[1709394240.267][INFO]: [c233091b7d9f2e3933426c35ba987795] RESPONSE FindElement {
   "element-6066-11e4-a52e-4f735466cecf": "f.86992D13869106301BBC8BC0323CA103.d.E18C636BF6875607B6C98B7BE9910BB8.e.515"
}
[1709394240.269][INFO]: [c233091b7d9f2e3933426c35ba987795] COMMAND ClickElement {
   "id": "f.86992D13869106301BBC8BC0323CA103.d.E18C636BF6875607B6C98B7BE9910BB8.e.515"
}
[1709394240.269][INFO]: Waiting for pending navigations...
[1709394240.270][INFO]: Done waiting for pending navigations. Status: ok
[1709394240.344][INFO]: Waiting for pending navigations...
[1709394240.347][INFO]: Done waiting for pending navigations. Status: ok
[1709394240.347][INFO]: [c233091b7d9f2e3933426c35ba987795] RESPONSE ClickElement
[1709394240.350][INFO]: [c233091b7d9f2e3933426c35ba987795] COMMAND FindElement {
   "using": "xpath",
   "value": "//input[contains(@placeholder,'From')]"
}
[1709394240.350][INFO]: Waiting for pending navigations...
[1709394240.350][INFO]: Done waiting for pending navigations. Status: ok
[1709394240.693][INFO]: Waiting for pending navigations...
[1709394240.693][INFO]: Done waiting for pending navigations. Status: ok
[1709394240.693][INFO]: [c233091b7d9f2e3933426c35ba987795] RESPONSE FindElement {
   "element-6066-11e4-a52e-4f735466cecf": "f.86992D13869106301BBC8BC0323CA103.d.E18C636BF6875607B6C98B7BE9910BB8.e.520"
}
[1709394240.695][INFO]: [c233091b7d9f2e3933426c35ba987795] COMMAND TypeElement {
   "id": "f.86992D13869106301BBC8BC0323CA103.d.E18C636BF6875607B6C98B7BE9910BB8.e.520",
   "text": "bangl",
   "value": [ "b", "a", "n", "g", "l" ]
}
[1709394240.695][INFO]: Waiting for pending navigations...
[1709394240.696][INFO]: Done waiting for pending navigations. Status: ok
[1709394240.731][INFO]: Waiting for pending navigations...
[1709394240.741][INFO]: Done waiting for pending navigations. Status: ok
[1709394240.742][INFO]: [c233091b7d9f2e3933426c35ba987795] RESPONSE TypeElement
[1709394243.747][INFO]: [c233091b7d9f2e3933426c35ba987795] COMMAND FindElement {
   "using": "xpath",
   "value": "//span[text()='Bangalore, Karnataka']"
}
[1709394243.748][INFO]: Waiting for pending navigations...
[1709394243.750][INFO]: Done waiting for pending navigations. Status: ok
[1709394243.759][INFO]: Waiting for pending navigations...
[1709394243.760][INFO]: Done waiting for pending navigations. Status: ok
[1709394243.760][INFO]: [c233091b7d9f2e3933426c35ba987795] RESPONSE FindElement {
   "element-6066-11e4-a52e-4f735466cecf": "f.86992D13869106301BBC8BC0323CA103.d.E18C636BF6875607B6C98B7BE9910BB8.e.523"
}
[1709394243.762][INFO]: [c233091b7d9f2e3933426c35ba987795] COMMAND ClickElement {
   "id": "f.86992D13869106301BBC8BC0323CA103.d.E18C636BF6875607B6C98B7BE9910BB8.e.523"
}
[1709394243.762][INFO]: Waiting for pending navigations...
[1709394243.762][INFO]: Done waiting for pending navigations. Status: ok
[1709394243.819][INFO]: Waiting for pending navigations...
[1709394243.823][INFO]: Done waiting for pending navigations. Status: ok
[1709394243.823][INFO]: [c233091b7d9f2e3933426c35ba987795] RESPONSE ClickElement
[1709394255.852][INFO]: [c233091b7d9f2e3933426c35ba987795] COMMAND FindElement {
   "using": "xpath",
   "value": "//span[text()='Delhi, Delhi']"
}
[1709394255.853][INFO]: Waiting for pending navigations...
[1709394255.854][INFO]: Done waiting for pending navigations. Status: ok
[1709394255.872][INFO]: Waiting for pending navigations...
[1709394255.873][INFO]: Done waiting for pending navigations. Status: ok
[1709394255.873][INFO]: [c233091b7d9f2e3933426c35ba987795] RESPONSE FindElement {
   "element-6066-11e4-a52e-4f735466cecf": "f.86992D13869106301BBC8BC0323CA103.d.E18C636BF6875607B6C98B7BE9910BB8.e.529"
}
[1709394255.876][INFO]: [c233091b7d9f2e3933426c35ba987795] COMMAND ClickElement {
   "id": "f.86992D13869106301BBC8BC0323CA103.d.E18C636BF6875607B6C98B7BE9910BB8.e.529"
}
[1709394255.876][INFO]: Waiting for pending navigations...
[1709394255.876][INFO]: Done waiting for pending navigations. Status: ok
[1709394255.951][INFO]: Waiting for pending navigations...
[1709394255.954][INFO]: Done waiting for pending navigations. Status: ok
[1709394255.954][INFO]: [c233091b7d9f2e3933426c35ba987795] RESPONSE ClickElement
[1709394255.957][INFO]: [c233091b7d9f2e3933426c35ba987795] COMMAND FindElement {
   "using": "xpath",
   "value": "//div[@aria-label='Fri Mar 29 2024']"
}
[1709394255.957][INFO]: Waiting for pending navigations...
[1709394255.958][INFO]: Done waiting for pending navigations. Status: ok
[1709394255.965][INFO]: Waiting for pending navigations...
[1709394255.966][INFO]: Done waiting for pending navigations. Status: ok
[1709394255.966][INFO]: [c233091b7d9f2e3933426c35ba987795] RESPONSE FindElement {
   "element-6066-11e4-a52e-4f735466cecf": "f.86992D13869106301BBC8BC0323CA103.d.E18C636BF6875607B6C98B7BE9910BB8.e.532"
}
[1709394255.968][INFO]: [c233091b7d9f2e3933426c35ba987795] COMMAND ClickElement {
   "id": "f.86992D13869106301BBC8BC0323CA103.d.E18C636BF6875607B6C98B7BE9910BB8.e.532"
}
[1709394255.968][INFO]: Waiting for pending navigations...
[1709394255.969][INFO]: Done waiting for pending navigations. Status: ok
[1709394256.025][INFO]: Waiting for pending navigations...
[1709394256.027][INFO]: Done waiting for pending navigations. Status: ok
[1709394256.027][INFO]: [c233091b7d9f2e3933426c35ba987795] RESPONSE ClickElement
[1709394256.029][INFO]: [c233091b7d9f2e3933426c35ba987795] COMMAND FindElement {
   "using": "xpath",
   "value": "//button[@id='search_button']"
}
[1709394256.029][INFO]: Waiting for pending navigations...
[1709394256.030][INFO]: Done waiting for pending navigations. Status: ok
[1709394256.037][INFO]: Waiting for pending navigations...
[1709394256.038][INFO]: Done waiting for pending navigations. Status: ok
[1709394256.038][INFO]: [c233091b7d9f2e3933426c35ba987795] RESPONSE FindElement {
   "element-6066-11e4-a52e-4f735466cecf": "f.86992D13869106301BBC8BC0323CA103.d.E18C636BF6875607B6C98B7BE9910BB8.e.536"
}
[1709394256.040][INFO]: [c233091b7d9f2e3933426c35ba987795] COMMAND ClickElement {
   "id": "f.86992D13869106301BBC8BC0323CA103.d.E18C636BF6875607B6C98B7BE9910BB8.e.536"
}
[1709394256.040][INFO]: Waiting for pending navigations...
[1709394256.041][INFO]: Done waiting for pending navigations. Status: ok
[1709394256.161][INFO]: Waiting for pending navigations...
[1709394257.372][INFO]: Done waiting for pending navigations. Status: ok
[1709394257.372][INFO]: [c233091b7d9f2e3933426c35ba987795] RESPONSE ClickElement
[1709394272.390][INFO]: [c233091b7d9f2e3933426c35ba987795] COMMAND FindElement {
   "using": "xpath",
   "value": "//span[@class='error-title']"
}
[1709394272.390][INFO]: Waiting for pending navigations...
[1709394272.393][INFO]: Done waiting for pending navigations. Status: ok
[1709394272.399][INFO]: Waiting for pending navigations...
[1709394272.400][INFO]: Done waiting for pending navigations. Status: ok
[1709394272.400][INFO]: [c233091b7d9f2e3933426c35ba987795] RESPONSE FindElement {
   "element-6066-11e4-a52e-4f735466cecf": "f.86992D13869106301BBC8BC0323CA103.d.52FF9EB5535A61E2325B42DD7BB2EFCD.e.579"
}
[1709394272.402][INFO]: [c233091b7d9f2e3933426c35ba987795] COMMAND GetElementText {
   "id": "f.86992D13869106301BBC8BC0323CA103.d.52FF9EB5535A61E2325B42DD7BB2EFCD.e.579"
}
[1709394272.402][INFO]: Waiting for pending navigations...
[1709394272.402][INFO]: Done waiting for pending navigations. Status: ok
[1709394272.410][INFO]: Waiting for pending navigations...
[1709394272.411][INFO]: Done waiting for pending navigations. Status: ok
[1709394272.411][INFO]: [c233091b7d9f2e3933426c35ba987795] RESPONSE GetElementText "No buses found for 29 Mar"
[1709394272.413][INFO]: [c233091b7d9f2e3933426c35ba987795] COMMAND CloseWindow {
}
[1709394272.506][INFO]: [c233091b7d9f2e3933426c35ba987795] RESPONSE CloseWindow [  ]
